<?xml version="1.0" encoding="UTF-8"?>
<!-- Generated by org.testng.reporters.JUnitReportReporter -->
<testsuite hostname="NODLTP52093562" failures="0" tests="1" name="com.w2a.testcases.LoginTest" time="3.136" errors="0" timestamp="2021-05-30T14:18:39 IST" skipped="0">
  <testcase classname="com.w2a.testcases.LoginTest" name="loginBankManager" time="3.136"/>
  <system-out/>
</testsuite> <!-- com.w2a.testcases.LoginTest -->
