<?xml version="1.0" encoding="UTF-8"?>
<!-- Generated by org.testng.reporters.JUnitReportReporter -->
<testsuite hostname="NODLTP52093562" failures="0" tests="1" name="com.w2a.testcases.BankManagerLoginTest" time="0.063" errors="0" timestamp="2021-05-31T12:58:11 IST" skipped="0">
  <testcase classname="com.w2a.testcases.BankManagerLoginTest" name="loginBankManager" time="0.063"/>
  <system-out/>
</testsuite> <!-- com.w2a.testcases.BankManagerLoginTest -->
